[18:17:12] [main/INFO]: Enabled Travertine version git:Travertine-Bootstrap:1.16-R0.4-SNAPSHOT:a24c106:158
[18:17:13] [main/INFO]: Discovered module: ModuleSpec(name=cmd_alert, file=modules\cmd_alert.jar, provider=JenkinsModuleSource())
[18:17:13] [main/INFO]: Discovered module: ModuleSpec(name=cmd_find, file=modules\cmd_find.jar, provider=JenkinsModuleSource())
[18:17:13] [main/INFO]: Discovered module: ModuleSpec(name=cmd_list, file=modules\cmd_list.jar, provider=JenkinsModuleSource())
[18:17:13] [main/INFO]: Discovered module: ModuleSpec(name=cmd_send, file=modules\cmd_send.jar, provider=JenkinsModuleSource())
[18:17:13] [main/INFO]: Discovered module: ModuleSpec(name=cmd_server, file=modules\cmd_server.jar, provider=JenkinsModuleSource())
[18:17:13] [main/INFO]: Discovered module: ModuleSpec(name=reconnect_yaml, file=modules\reconnect_yaml.jar, provider=JenkinsModuleSource())
[18:17:13] [main/INFO]: Loaded plugin reconnect_yaml version git:reconnect_yaml:1.16-R0.4-SNAPSHOT:a24c106:158 by WaterfallMC
[18:17:13] [main/INFO]: Loaded plugin SkinsRestorer version 13.7.9 by Th3Tr0LLeR, McLive, DoNotSpamPls, Blackfire62
[18:17:13] [main/INFO]: Loaded plugin SlashServer version 3 by Bloodsplat
[18:17:13] [main/INFO]: Loaded plugin Bungee version 3.1.1 by FrankHeijden
[18:17:13] [main/INFO]: Loaded plugin BungeeGuard version 1.2-SNAPSHOT by Luck
[18:17:13] [main/INFO]: Loaded plugin cmd_list version git:cmd_list:1.16-R0.4-SNAPSHOT:a24c106:158 by WaterfallMC
[18:17:13] [main/INFO]: Loaded plugin cmd_find version git:cmd_find:1.16-R0.4-SNAPSHOT:a24c106:158 by WaterfallMC
[18:17:13] [main/INFO]: Loaded plugin BungeeHub version 0.3 by iFedeFC
[18:17:13] [main/INFO]: Loaded plugin AntiBot version 0.6.8 by 2LS
[18:17:13] [main/INFO]: Loaded plugin cmd_server version git:cmd_server:1.16-R0.4-SNAPSHOT:a24c106:158 by WaterfallMC
[18:17:13] [main/INFO]: Loaded plugin BotSentry version 9.2-THANATOS by New Era Studios & Lahuca Software Development
[18:17:13] [main/INFO] [ABPS]: Loading config...
[18:17:13] [main/INFO]: Loaded plugin ABPS version 1.0.4 by Venom Apps
[18:17:13] [main/INFO]: Loaded plugin cmd_alert version git:cmd_alert:1.16-R0.4-SNAPSHOT:a24c106:158 by WaterfallMC
[18:17:13] [main/INFO]: Loaded plugin ServerListPlus version 3.4.8 by Minecrell <https://github.com/Minecrell>
[18:17:13] [main/INFO]: Loaded plugin cmd_send version git:cmd_send:1.16-R0.4-SNAPSHOT:a24c106:158 by WaterfallMC
[18:17:13] [main/INFO]: Loaded plugin BungeeTabListPlus version 3.2.2 by CodeCrafter47
[18:17:14] [main/WARN]: Forced host server pvp is not defined
[18:17:14] [main/INFO]: Enabled plugin reconnect_yaml version git:reconnect_yaml:1.16-R0.4-SNAPSHOT:a24c106:158 by WaterfallMC
[18:17:14] [main/INFO]: Enabled plugin SkinsRestorer version 13.7.9 by Th3Tr0LLeR, McLive, DoNotSpamPls, Blackfire62
[18:17:14] [main/INFO]: Enabled plugin SlashServer version 3 by Bloodsplat
[18:17:15] [SkinsRestorer Pool Thread #1/INFO]: [SkinsRestorer] ----------------------------------------------
[18:17:15] [SkinsRestorer Pool Thread #1/INFO]: [SkinsRestorer]     +===============+
[18:17:15] [SkinsRestorer Pool Thread #1/INFO]: [SkinsRestorer]     | SkinsRestorer |
[18:17:15] [SkinsRestorer Pool Thread #1/INFO]: [SkinsRestorer]     +===============+
[18:17:15] [SkinsRestorer Pool Thread #1/INFO]: [SkinsRestorer] ----------------------------------------------
[18:17:15] [SkinsRestorer Pool Thread #1/INFO]: [SkinsRestorer]     Current version: 13.7.9
[18:17:15] [SkinsRestorer Pool Thread #1/INFO]: [SkinsRestorer]     A new version is available! Download it at:
[18:17:15] [SkinsRestorer Pool Thread #1/INFO]: [SkinsRestorer]     https://github.com/SkinsRestorer/SkinsRestorerX/releases/download/14.1.13/SkinsRestorer.jar
[18:17:15] [SkinsRestorer Pool Thread #1/INFO]: [SkinsRestorer] ----------------------------------------------
[18:17:15] [main/INFO]: Enabled plugin Bungee version 3.1.1 by FrankHeijden
[18:17:15] [main/INFO]: Enabled plugin BungeeGuard version 1.2-SNAPSHOT by Luck
[18:17:15] [main/INFO]: Enabled plugin cmd_list version git:cmd_list:1.16-R0.4-SNAPSHOT:a24c106:158 by WaterfallMC
[18:17:15] [main/INFO]: Enabled plugin cmd_find version git:cmd_find:1.16-R0.4-SNAPSHOT:a24c106:158 by WaterfallMC
[18:17:15] [Bungee Pool Thread #1/INFO] [Bungee]: Checking for updates...
[18:17:16] [main/INFO] [BungeeHub]: ----------------------------
[18:17:16] [main/INFO] [BungeeHub]:      BungeeCord Hub
[18:17:16] [main/INFO] [BungeeHub]: 
[18:17:16] [main/INFO] [BungeeHub]: You are using the latest version
[18:17:16] [main/INFO] [BungeeHub]: 
[18:17:16] [main/INFO] [BungeeHub]: ----------------------------
[18:17:16] [main/INFO]: Enabled plugin BungeeHub version 0.3 by iFedeFC
[18:17:16] [main/INFO] [AntiBot]: Configurations successfully created!
[18:17:16] [Bungee Pool Thread #1/INFO] [Bungee]: ServerUtils 3.4.2 is available!
[18:17:16] [Bungee Pool Thread #1/INFO] [Bungee]: Release info: https://www.spigotmc.org/resources/79599/update?update=447747
[18:17:16] [main/INFO] [AntiBot]: Modules successfully loaded!
[18:17:16] [main/INFO] [AntiBot]: Listeners successfully registered!
[18:17:16] [main/INFO] [AntiBot]: Commands successfully registered!
[18:17:16] [main/INFO]: Enabled plugin AntiBot version 0.6.8 by 2LS
[18:17:16] [main/INFO]: Enabled plugin cmd_server version git:cmd_server:1.16-R0.4-SNAPSHOT:a24c106:158 by WaterfallMC
[18:17:18] [main/INFO]: Enabled plugin BotSentry version 9.2-THANATOS by New Era Studios & Lahuca Software Development
[18:17:18] [main/INFO] [ABPS]: Registering listeners...
[18:17:18] [main/INFO] [ABPS]: Starting metrics...
[18:17:18] [main/INFO]: Enabled plugin ABPS version 1.0.4 by Venom Apps
[18:17:18] [main/INFO]: Enabled plugin cmd_alert version git:cmd_alert:1.16-R0.4-SNAPSHOT:a24c106:158 by WaterfallMC
[18:17:18] [main/INFO] [ServerListPlus]: [Core] Reloading configuration...
[18:17:18] [main/INFO] [ServerListPlus]: [Core] Loaded configuration: ServerStatusConf
[18:17:18] [main/INFO] [ServerListPlus]: [Core] Loaded configuration: PluginConf
[18:17:18] [main/INFO] [ServerListPlus]: [Core] Reloading saved player identities...
[18:17:19] [BotSentry Pool Thread #0/ERROR]: java.io.IOException
[18:17:19] [BotSentry Pool Thread #0/ERROR]: 	at com.lahuca.botsentry.d.m.a(Unknown Source)
[18:17:19] [BotSentry Pool Thread #0/ERROR]: 	at com.lahuca.botsentry.d.m.a(Unknown Source)
[18:17:19] [BotSentry Pool Thread #0/ERROR]: 	at com.lahuca.botsentry.b.b.d.run(Unknown Source)
[18:17:19] [BotSentry Pool Thread #0/ERROR]: 	at net.md_5.bungee.scheduler.BungeeTask.run(Unknown Source)
[18:17:19] [BotSentry Pool Thread #0/ERROR]: 	at java.util.concurrent.ThreadPoolExecutor.runWorker(Unknown Source)
[18:17:19] [BotSentry Pool Thread #0/ERROR]: 	at java.util.concurrent.ThreadPoolExecutor$Worker.run(Unknown Source)
[18:17:19] [BotSentry Pool Thread #0/ERROR]: 	at java.lang.Thread.run(Unknown Source)
[18:17:19] [BotSentry Pool Thread #13/INFO]: -------------------------------------------------------------
[18:17:19] [BotSentry Pool Thread #13/INFO]: |                                                           |
[18:17:19] [BotSentry Pool Thread #13/INFO]: |      ____        _    _____            _                  |
[18:17:19] [BotSentry Pool Thread #13/INFO]: |     |  _ \      | |  / ____|          | |                 |
[18:17:19] [BotSentry Pool Thread #13/INFO]: |     | |_) | ___ | |_| (___   ___ _ __ | |_ _ __ _   _     |
[18:17:19] [BotSentry Pool Thread #13/INFO]: |     |  _ < / _ \| __|\___ \ / _ \ '_ \| __| '__| | | |    |
[18:17:19] [BotSentry Pool Thread #13/INFO]: |     | |_) | (_) | |_ ____) |  __/ | | | |_| |  | |_| |    |
[18:17:19] [BotSentry Pool Thread #13/INFO]: |     |____/ \___/ \__|_____/ \___|_| |_|\__|_|   \__, |    |
[18:17:19] [BotSentry Pool Thread #13/INFO]: |                                                  __/ |    |
[18:17:19] [BotSentry Pool Thread #13/INFO]: |                                                 |___/     |
[18:17:19] [BotSentry Pool Thread #13/INFO]: |                                                           |
[18:17:19] [BotSentry Pool Thread #13/INFO]: -------------------------------------------------------------
[18:17:19] [BotSentry Pool Thread #13/INFO]: 
[18:17:19] [BotSentry Pool Thread #13/INFO]: » Cloud config downloaded ?
[18:17:19] [BotSentry Pool Thread #13/INFO]: » Black- and whitelist loaded into the RAM ?
[18:17:19] [BotSentry Pool Thread #13/INFO]: 
[18:17:19] [BotSentry Pool Thread #13/INFO]: (!) You are using an old BotSentry version, some things could not work at its finest.
[18:17:19] [BotSentry Pool Thread #13/INFO]: 
[18:17:19] [BotSentry Pool Thread #13/INFO]: Plugin coded by Lahuca Software Development and New Era Studios
[18:17:19] [BotSentry Pool Thread #13/INFO]: 
[18:17:19] [BotSentry Pool Thread #13/INFO]: -------------------------------------------------------------
[18:17:19] [main/INFO] [ServerListPlus]: Successfully loaded!
[18:17:19] [main/INFO]: Enabled plugin ServerListPlus version 3.4.8 by Minecrell <https://github.com/Minecrell>
[18:17:19] [main/INFO]: Enabled plugin cmd_send version git:cmd_send:1.16-R0.4-SNAPSHOT:a24c106:158 by WaterfallMC
[18:17:19] [main/INFO] [BungeeTabListPlus]: Starting UpdateChecker Task
[18:17:20] [main/INFO]: Enabled plugin BungeeTabListPlus version 3.2.2 by CodeCrafter47
[18:17:20] [Netty Boss IO Thread #0/WARN]: Could not bind to host /0.0.0[18:18:09] [Netty Worker IO Thread #0/INFO]: XCord is using JavaVelocityCompressor$$Lambda$440/24318043 for packet compression
[18:18:10] [Netty Worker IO Thread #0/INFO]: /127.0.0.1:23350 direct-connected (Abnormal behavior)
[18:18:12] [Netty Worker IO Thread #1/INFO]: /127.0.0.1:23351 direct-connected (Abnormal behavior)
[18:18:15] [Netty Worker IO Thread #2/INFO]: /127.0.0.1:23352 direct-connected (Abnormal behavior)
[18:18:18] [Netty Worker IO Thread #3/INFO]: /127.0.0.1:23356 direct-connected (Abnormal behavior)
[18:18:19] [Netty Worker IO Thread #3/WARN]: Event PostLoginEvent(player=hoangsurvival) took 451ms to process!
[18:18:20] [Netty Worker IO Thread #0/INFO]: /127.0.0.1:23359 direct-connected (Abnormal behavior)
[18:18:53] [Netty Worker IO Thread #3/INFO]: [hoangsurvival] disconnected with: Login timeout exceeded, you have been kicked from the server, please try again!
[18:18:53] [Netty Worker IO Thread #3/INFO]: [/127.0.0.1:23356|hoangsurvival] -> UpstreamBridge has disconnected
[18:18:53] [Netty Worker IO Thread #3/INFO]: [/127.0.0.1:23356|hoangsurvival] <-> DownstreamBridge <-> [LOBBY] has disconnected
[18:21:34] [Netty Worker IO Thread #1/INFO]: /127.0.0.1:56199 direct-connected (Abnormal behavior)
[18:21:36] [Netty Worker IO Thread #2/INFO]: /127.0.0.1:56203 direct-connected (Abnormal behavior)
[18:21:37] [Netty Worker IO Thread #3/INFO]: /127.0.0.1:56204 direct-connected (Abnormal behavior)
[18:21:56] [Netty Worker IO Thread #3/INFO]: [hoangsurvival] disconnected with: Wrong password!
[18:21:56] [Netty Worker IO Thread #3/INFO]: [/127.0.0.1:56204|hoangsurvival] -> UpstreamBridge has disconnected
[18:21:56] [Netty Worker IO Thread #3/INFO]: [/127.0.0.1:56204|hoangsurvival] <-> DownstreamBridge <-> [LOBBY] has disconnected
[18:22:00] [Netty Worker IO Thread #1/INFO]: /127.0.0.1:56215 direct-connected (Abnormal behavior)
[18:22:01] [Netty Worker IO Thread #2/INFO]: /127.0.0.1:56216 direct-connected (Abnormal behavior)
[18:22:02] [Netty Worker IO Thread #3/INFO]: /127.0.0.1:56217 direct-connected (Abnormal behavior)
[18:22:05] [Netty Worker IO Thread #2/INFO]: [hoangsurvival] disconnected with: Kicked whilst connecting to LOBBY: The same username is already playing on the server!
[1[18:27:14] [SkinsRestorer Pool Thread #4/INFO]: [SkinsRestorer] ----------------------------------------------
[18:27:14] [SkinsRestorer Pool Thread #4/INFO]: [SkinsRestorer]     +===============+
[18:27:14] [SkinsRestorer Pool Thread #4/INFO]: [SkinsRestorer]     | SkinsRestorer |
[18:27:14] [SkinsRestorer Pool Thread #4/INFO]: [SkinsRestorer]     +===============+
[18:27:14] [SkinsRestorer Pool Thread #4/INFO]: [SkinsRestorer] ----------------------------------------------
[18:27:14] [SkinsRestorer Pool Thread #4/INFO]: [SkinsRestorer]     Current version: 13.7.9
[18:27:14] [SkinsRestorer Pool Thread #4/INFO]: [SkinsRestorer]     A new version is available! Download it at:
[18:27:14] [SkinsRestorer Pool Thread #4/INFO]: [SkinsRestorer]     https://github.com/SkinsRestorer/SkinsRestorerX/releases/download/14.1.13/SkinsRestorer.jar
[18:27:14] [SkinsRestorer Pool Thread #4/INFO]: [SkinsRestorer] ----------------------------------------------
] [SkinsRestorer Pool Thread #8/INFO]: [SkinsRestorer]     +===============+
[18:27:14] [SkinsRestorer Pool Thread #8/INFO]: [SkinsRestorer] ----------------------------------------------
[18:27:14] [SkinsRestorer Pool Thread #8/INFO]: [SkinsRestorer]     Current version: 13.7.9
[18:27:14] [SkinsRestorer Pool Thread #8/INFO]: [SkinsRestorer]     A new version is available! Download it at:
[18:27:14] [SkinsRestorer Pool Thread #8/INFO]: [SkinsRestorer]     https://github.com/SkinsRestorer/SkinsRestorerX/releases/download/14.1.13/SkinsRestorer.jar
[18:27:14] [SkinsRestorer Pool Thread #8/INFO]: [SkinsRestorer] ----------------------------------------------
