[07:32:59] [main/INFO]: Enabled Travertine version git:Travertine-Bootstrap:1.16-R0.4-SNAPSHOT:a24c106:158
[07:33:00] [main/INFO]: Discovered module: ModuleSpec(name=cmd_alert, file=modules\cmd_alert.jar, provider=JenkinsModuleSource())
[07:33:00] [main/INFO]: Discovered module: ModuleSpec(name=cmd_find, file=modules\cmd_find.jar, provider=JenkinsModuleSource())
[07:33:00] [main/INFO]: Discovered module: ModuleSpec(name=cmd_list, file=modules\cmd_list.jar, provider=JenkinsModuleSource())
[07:33:00] [main/INFO]: Discovered module: ModuleSpec(name=cmd_send, file=modules\cmd_send.jar, provider=JenkinsModuleSource())
[07:33:00] [main/INFO]: Discovered module: ModuleSpec(name=cmd_server, file=modules\cmd_server.jar, provider=JenkinsModuleSource())
[07:33:00] [main/INFO]: Discovered module: ModuleSpec(name=reconnect_yaml, file=modules\reconnect_yaml.jar, provider=JenkinsModuleSource())
[07:33:00] [main/INFO]: Loaded plugin reconnect_yaml version git:reconnect_yaml:1.16-R0.4-SNAPSHOT:a24c106:158 by WaterfallMC
[07:33:00] [main/INFO]: Loaded plugin SkinsRestorer version 13.7.9 by Th3Tr0LLeR, McLive, DoNotSpamPls, Blackfire62
[07:33:00] [main/INFO]: Loaded plugin SlashServer version 3 by Bloodsplat
[07:33:00] [main/INFO]: Loaded plugin Bungee version 3.1.1 by FrankHeijden
[07:33:00] [main/INFO]: Loaded plugin BungeeGuard version 1.2-SNAPSHOT by Luck
[07:33:00] [main/INFO]: Loaded plugin cmd_list version git:cmd_list:1.16-R0.4-SNAPSHOT:a24c106:158 by WaterfallMC
[07:33:00] [main/INFO]: Loaded plugin cmd_find version git:cmd_find:1.16-R0.4-SNAPSHOT:a24c106:158 by WaterfallMC
[07:33:00] [main/INFO]: Loaded plugin BungeeHub version 0.3 by iFedeFC
[07:33:00] [main/INFO]: Loaded plugin AntiBot version 0.6.8 by 2LS
[07:33:00] [main/INFO]: Loaded plugin cmd_server version git:cmd_server:1.16-R0.4-SNAPSHOT:a24c106:158 by WaterfallMC
[07:33:00] [main/INFO]: Loaded plugin BotSentry version 9.2-THANATOS by New Era Studios & Lahuca Software Development
[07:33:00] [main/INFO] [ABPS]: Loading config...
[07:33:00] [main/INFO]: Loaded plugin ABPS version 1.0.4 by Venom Apps
[07:33:00] [main/INFO]: Loaded plugin cmd_alert version git:cmd_alert:1.16-R0.4-SNAPSHOT:a24c106:158 by WaterfallMC
[07:33:00] [main/INFO]: Loaded plugin ServerListPlus version 3.4.8 by Minecrell <https://github.com/Minecrell>
[07:33:00] [main/INFO]: Loaded plugin cmd_send version git:cmd_send:1.16-R0.4-SNAPSHOT:a24c106:158 by WaterfallMC
[07:33:01] [main/INFO]: Loaded plugin BungeeTabListPlus version 3.2.2 by CodeCrafter47
[07:33:01] [main/WARN]: Forced host server pvp is not defined
[07:33:01] [main/INFO]: Enabled plugin reconnect_yaml version git:reconnect_yaml:1.16-R0.4-SNAPSHOT:a24c106:158 by WaterfallMC
[07:33:02] [main/INFO]: Enabled plugin SkinsRestorer version 13.7.9 by Th3Tr0LLeR, McLive, DoNotSpamPls, Blackfire62
[07:33:02] [main/INFO]: Enabled plugin SlashServer version 3 by Bloodsplat
[07:33:11] [main/INFO]: Enabled plugin Bungee version 3.1.1 by FrankHeijden
[07:33:11] [main/INFO]: Enabled plugin BungeeGuard version 1.2-SNAPSHOT by Luck
[07:33:11] [main/INFO]: Enabled plugin cmd_list version git:cmd_list:1.16-R0.4-SNAPSHOT:a24c106:158 by WaterfallMC
[07:33:11] [main/INFO]: Enabled plugin cmd_find version git:cmd_find:1.16-R0.4-SNAPSHOT:a24c106:158 by WaterfallMC
[07:33:11] [Bungee Pool Thread #1/INFO] [Bungee]: Checking for updates...
[07:33:15] [main/INFO] [BungeeHub]: ----------------------------
[07:33:15] [main/INFO] [BungeeHub]:      BungeeCord Hub
[07:33:15] [main/INFO] [BungeeHub]: 
[07:33:15] [main/INFO] [BungeeHub]: You are using the latest version
[07:33:15] [main/INFO] [BungeeHub]: 
[07:33:15] [main/INFO] [BungeeHub]: ----------------------------
[07:33:15] [main/INFO]: Enabled plugin BungeeHub version 0.3 by iFedeFC
[07:33:15] [SkinsRestorer Pool Thread #1/INFO]: [SkinsRestorer] ----------------------------------------------
[07:33:15] [SkinsRestorer Pool Thread #1/INFO]: [SkinsRestorer]     +===============+
[07:33:15] [SkinsRestorer Pool Thread #1/INFO]: [SkinsRestorer]     | SkinsRestorer |
[07:33:15] [SkinsRestorer Pool Thread #1/INFO]: [SkinsRestorer]     +===============+
[07:33:15] [SkinsRestorer Pool Thread #1/INFO]: [SkinsRestorer] ----------------------------------------------
[07:33:15] [SkinsRestorer Pool Thread #1/INFO]: [SkinsRestorer]     Current version: 13.7.9
[07:33:15] [SkinsRestorer Pool Thread #1/INFO]: [SkinsRestorer]     A new version is available! Download it at:
[07:33:15] [SkinsRestorer Pool Thread #1/INFO]: [SkinsRestorer]     https://github.com/SkinsRestorer/SkinsRestorerX/releases/download/14.1.13/SkinsRestorer.jar
[07:33:15] [SkinsRestorer Pool Thread #1/INFO]: [SkinsRestorer] ----------------------------------------------
[07:33:15] [main/INFO] [AntiBot]: Configurations successfully created!
[07:33:15] [main/INFO] [AntiBot]: Modules successfully loaded!
[07:33:15] [main/INFO] [AntiBot]: Listeners successfully registered!
[07:33:15] [main/INFO] [AntiBot]: Commands successfully registered!
[07:33:15] [main/INFO]: Enabled plugin AntiBot version 0.6.8 by 2LS
[07:33:15] [main/INFO]: Enabled plugin cmd_server version git:cmd_server:1.16-R0.4-SNAPSHOT:a24c106:158 by WaterfallMC
[07:33:15] [Bungee Pool Thread #1/INFO] [Bungee]: ServerUtils 3.4.2 is available!
[07:33:15] [Bungee Pool Thread #1/INFO] [Bungee]: Release info: https://www.spigotmc.org/resources/79599/update?update=447747
[07:33:17] [main/INFO]: Enabled plugin BotSentry version 9.2-THANATOS by New Era Studios & Lahuca Software Development
[07:33:17] [main/INFO] [ABPS]: Registering listeners...
[07:33:17] [main/INFO] [ABPS]: Starting metrics...
[07:33:17] [main/INFO]: Enabled plugin ABPS version 1.0.4 by Venom Apps
[07:33:17] [main/INFO]: Enabled plugin cmd_alert version git:cmd_alert:1.16-R0.4-SNAPSHOT:a24c106:158 by WaterfallMC
[07:33:17] [main/INFO] [ServerListPlus]: [Core] Reloading configuration...
[07:33:17] [main/INFO] [ServerListPlus]: [Core] Loaded configuration: ServerStatusConf
[07:33:17] [main/INFO] [ServerListPlus]: [Core] Loaded configuration: PluginConf
[07:33:17] [main/INFO] [ServerListPlus]: [Core] Reloading saved player identities...
[07:33:18] [BotSentry Pool Thread #0/ERROR]: java.io.IOException
[07:33:18] [BotSentry Pool Thread #0/ERROR]: 	at com.lahuca.botsentry.d.m.a(Unknown Source)
[07:33:18] [BotSentry Pool Thread #0/ERROR]: 	at com.lahuca.botsentry.d.m.a(Unknown Source)
[07:33:18] [BotSentry Pool Thread #0/ERROR]: 	at com.lahuca.botsentry.b.b.d.run(Unknown Source)
[07:33:18] [BotSentry Pool Thread #0/ERROR]: 	at net.md_5.bungee.scheduler.BungeeTask.run(Unknown Source)
[07:33:18] [BotSentry Pool Thread #0/ERROR]: 	at java.util.concurrent.ThreadPoolExecutor.runWorker(Unknown Source)
[07:33:18] [BotSentry Pool Thread #0/ERROR]: 	at java.util.concurrent.ThreadPoolExecutor$Worker.run(Unknown Source)
[07:33:18] [BotSentry Pool Thread #0/ERROR]: 	at java.lang.Thread.run(Unknown Source)
[07:33:18] [BotSentry Pool Thread #13/INFO]: -------------------------------------------------------------
[07:33:18] [BotSentry Pool Thread #13/INFO]: |                                                           |
[07:33:18] [BotSentry Pool Thread #13/INFO]: |      ____        _    _____            _                  |
[07:33:18] [BotSentry Pool Thread #13/INFO]: |     |  _ \      | |  / ____|          | |                 |
[07:33:18] [BotSentry Pool Thread #13/INFO]: |     | |_) | ___ | |_| (___   ___ _ __ | |_ _ __ _   _     |
[07:33:18] [BotSentry Pool Thread #13/INFO]: |     |  _ < / _ \| __|\___ \ / _ \ '_ \| __| '__| | | |    |
[07:33:18] [BotSentry Pool Thread #13/INFO]: |     | |_) | (_) | |_ ____) |  __/ | | | |_| |  | |_| |    |
[07:33:18] [BotSentry Pool Thread #13/INFO]: |     |____/ \___/ \__|_____/ \___|_| |_|\__|_|   \__, |    |
[07:33:18] [BotSentry Pool Thread #13/INFO]: |                                                  __/ |    |
[07:33:18] [BotSentry Pool Thread #13/INFO]: |                                                 |___/     |
[07:33:18] [BotSentry Pool Thread #13/INFO]: |                                                           |
[07:33:18] [BotSentry Pool Thread #13/INFO]: -------------------------------------------------------------
[07:33:18] [BotSentry Pool Thread #13/INFO]: 
[07:33:18] [BotSentry Pool Thread #13/INFO]: » Cloud config downloaded ?
[07:33:18] [BotSentry Pool Thread #13/INFO]: » Black- and whitelist loaded into the RAM ?
[07:33:18] [BotSentry Pool Thread #13/INFO]: 
[07:33:18] [BotSentry Pool Thread #13/INFO]: (!) You are using an old BotSentry version, some things could not work at its finest.
[07:33:18] [BotSentry Pool Thread #13/INFO]: 
[07:33:18] [BotSentry Pool Thread #13/INFO]: Plugin coded by Lahuca Software Development and New Era Studios
[07:33:18] [BotSentry Pool Thread #13/INFO]: 
[07:33:18] [BotSentry Pool Thread #13/INFO]: -------------------------------------------------------------
[07:33:18] [main/INFO] [ServerListPlus]: Successfully loaded!
[07:33:18] [main/INFO]: Enabled plugin ServerListPlus version 3.4.8 by Minecrell <https://github.com/Minecrell>
[07:33:18] [main/INFO]: Enabled plugin cmd_send version git:cmd_send:1.16-R0.4-SNAPSHOT:a24c106:158 by WaterfallMC
[07:33:18] [main/INFO] [BungeeTabListPlus]: Starting UpdateChecker Task
[07:33:18] [main/INFO]: Enabled plugin BungeeTabListPlus version 3.2.2 by CodeCrafter47
[07:33:19] [Netty Boss IO Thread #0/INFO]: Listening on /0.0.0.0:25565
