[18:35:56] [main/INFO]: Enabled Travertine version git:Travertine-Bootstrap:1.16-R0.4-SNAPSHOT:a24c106:158
[18:35:57] [main/INFO]: Discovered module: ModuleSpec(name=cmd_alert, file=modules\cmd_alert.jar, provider=JenkinsModuleSource())
[18:35:57] [main/INFO]: Discovered module: ModuleSpec(name=cmd_find, file=modules\cmd_find.jar, provider=JenkinsModuleSource())
[18:35:57] [main/INFO]: Discovered module: ModuleSpec(name=cmd_list, file=modules\cmd_list.jar, provider=JenkinsModuleSource())
[18:35:57] [main/INFO]: Discovered module: ModuleSpec(name=cmd_send, file=modules\cmd_send.jar, provider=JenkinsModuleSource())
[18:35:57] [main/INFO]: Discovered module: ModuleSpec(name=cmd_server, file=modules\cmd_server.jar, provider=JenkinsModuleSource())
[18:35:57] [main/INFO]: Discovered module: ModuleSpec(name=reconnect_yaml, file=modules\reconnect_yaml.jar, provider=JenkinsModuleSource())
[18:35:57] [main/INFO]: Loaded plugin reconnect_yaml version git:reconnect_yaml:1.16-R0.4-SNAPSHOT:a24c106:158 by WaterfallMC
[18:35:57] [main/INFO]: Loaded plugin SkinsRestorer version 13.7.9 by Th3Tr0LLeR, McLive, DoNotSpamPls, Blackfire62
[18:35:57] [main/INFO]: Loaded plugin SlashServer version 3 by Bloodsplat
[18:35:57] [main/INFO]: Loaded plugin Bungee version 3.1.1 by FrankHeijden
[18:35:57] [main/INFO]: Loaded plugin BungeeGuard version 1.2-SNAPSHOT by Luck
[18:35:57] [main/INFO]: Loaded plugin cmd_list version git:cmd_list:1.16-R0.4-SNAPSHOT:a24c106:158 by WaterfallMC
[18:35:57] [main/INFO]: Loaded plugin cmd_find version git:cmd_find:1.16-R0.4-SNAPSHOT:a24c106:158 by WaterfallMC
[18:35:57] [main/INFO]: Loaded plugin BungeeHub version 0.3 by iFedeFC
[18:35:57] [main/INFO]: Loaded plugin AntiBot version 0.6.8 by 2LS
[18:35:57] [main/INFO]: Loaded plugin cmd_server version git:cmd_server:1.16-R0.4-SNAPSHOT:a24c106:158 by WaterfallMC
[18:35:57] [main/INFO]: Loaded plugin BotSentry version 9.2-THANATOS by New Era Studios & Lahuca Software Development
[18:35:57] [main/INFO] [ABPS]: Loading config...
[18:35:57] [main/INFO]: Loaded plugin ABPS version 1.0.4 by Venom Apps
[18:35:57] [main/INFO]: Loaded plugin cmd_alert version git:cmd_alert:1.16-R0.4-SNAPSHOT:a24c106:158 by WaterfallMC
[18:35:57] [main/INFO]: Loaded plugin ServerListPlus version 3.4.8 by Minecrell <https://github.com/Minecrell>
[18:35:57] [main/INFO]: Loaded plugin cmd_send version git:cmd_send:1.16-R0.4-SNAPSHOT:a24c106:158 by WaterfallMC
[18:35:58] [main/INFO]: Loaded plugin BungeeTabListPlus version 3.2.2 by CodeCrafter47
[18:35:58] [main/WARN]: Forced host server pvp is not defined
[18:35:58] [main/INFO]: Enabled plugin reconnect_yaml version git:reconnect_yaml:1.16-R0.4-SNAPSHOT:a24c106:158 by WaterfallMC
[18:35:58] [main/INFO]: Enabled plugin SkinsRestorer version 13.7.9 by Th3Tr0LLeR, McLive, DoNotSpamPls, Blackfire62
[18:35:58] [main/INFO]: Enabled plugin SlashServer version 3 by Bloodsplat
[18:36:00] [main/INFO]: Enabled plugin Bungee version 3.1.1 by FrankHeijden
[18:36:00] [Bungee Pool Thread #1/INFO] [Bungee]: Checking for updates...
[18:36:00] [main/INFO]: Enabled plugin BungeeGuard version 1.2-SNAPSHOT by Luck
[18:36:00] [main/INFO]: Enabled plugin cmd_list version git:cmd_list:1.16-R0.4-SNAPSHOT:a24c106:158 by WaterfallMC
[18:36:00] [main/INFO]: Enabled plugin cmd_find version git:cmd_find:1.16-R0.4-SNAPSHOT:a24c106:158 by WaterfallMC
[18:36:00] [main/INFO] [BungeeHub]: ----------------------------
[18:36:00] [main/INFO] [BungeeHub]:      BungeeCord Hub
[18:36:00] [main/INFO] [BungeeHub]: 
[18:36:00] [main/INFO] [BungeeHub]: You are using the latest version
[18:36:00] [main/INFO] [BungeeHub]: 
[18:36:00] [main/INFO] [BungeeHub]: ----------------------------
[18:36:00] [main/INFO]: Enabled plugin BungeeHub version 0.3 by iFedeFC
[18:36:00] [main/INFO] [AntiBot]: Configurations successfully created!
[18:36:00] [Bungee Pool Thread #1/INFO] [Bungee]: ServerUtils 3.4.2 is available!
[18:36:00] [Bungee Pool Thread #1/INFO] [Bungee]: Release info: https://www.spigotmc.org/resources/79599/update?update=447747
[18:36:00] [SkinsRestorer Pool Thread #1/INFO]: [SkinsRestorer] ----------------------------------------------
[18:36:00] [SkinsRestorer Pool Thread #1/INFO]: [SkinsRestorer]     +===============+
[18:36:00] [SkinsRestorer Pool Thread #1/INFO]: [SkinsRestorer]     | SkinsRestorer |
[18:36:00] [SkinsRestorer Pool Thread #1/INFO]: [SkinsRestorer]     +===============+
[18:36:00] [SkinsRestorer Pool Thread #1/INFO]: [SkinsRestorer] ----------------------------------------------
[18:36:00] [SkinsRestorer Pool Thread #1/INFO]: [SkinsRestorer]     Current version: 13.7.9
[18:36:00] [SkinsRestorer Pool Thread #1/INFO]: [SkinsRestorer]     A new version is available! Download it at:
[18:36:00] [SkinsRestorer Pool Thread #1/INFO]: [SkinsRestorer]     https://github.com/SkinsRestorer/SkinsRestorerX/releases/download/14.1.13/SkinsRestorer.jar
[18:36:00] [SkinsRestorer Pool Thread #1/INFO]: [SkinsRestorer] ----------------------------------------------
[18:36:00] [main/INFO] [AntiBot]: Modules successfully loaded!
[18:36:00] [main/INFO] [AntiBot]: Listeners successfully registered!
[18:36:00] [main/INFO] [AntiBot]: Commands successfully registered!
[18:36:00] [main/INFO]: Enabled plugin AntiBot version 0.6.8 by 2LS
[18:36:00] [main/INFO]: Enabled plugin cmd_server version git:cmd_server:1.16-R0.4-SNAPSHOT:a24c106:158 by WaterfallMC
[18:36:02] [main/INFO]: Enabled plugin BotSentry version 9.2-THANATOS by New Era Studios & Lahuca Software Development
[18:36:02] [main/INFO] [ABPS]: Registering listeners...
[18:36:02] [main/INFO] [ABPS]: Starting metrics...
[18:36:02] [main/INFO]: Enabled plugin ABPS version 1.0.4 by Venom Apps
[18:36:02] [main/INFO]: Enabled plugin cmd_alert version git:cmd_alert:1.16-R0.4-SNAPSHOT:a24c106:158 by WaterfallMC
[18:36:02] [main/INFO] [ServerListPlus]: [Core] Reloading configuration...
[18:36:02] [main/INFO] [ServerListPlus]: [Core] Loaded configuration: ServerStatusConf
[18:36:02] [main/INFO] [ServerListPlus]: [Core] Loaded configuration: PluginConf
[18:36:02] [main/INFO] [ServerListPlus]: [Core] Reloading saved player identities...
[18:36:03] [main/INFO] [ServerListPlus]: Successfully loaded!
[18:36:03] [main/INFO]: Enabled plugin ServerListPlus version 3.4.8 by Minecrell <https://github.com/Minecrell>
[18:36:03] [main/INFO]: Enabled plugin cmd_send version git:cmd_send:1.16-R0.4-SNAPSHOT:a24c106:158 by WaterfallMC
[18:36:03] [BotSentry Pool Thread #0/ERROR]: java.io.IOException
[18:36:03] [BotSentry Pool Thread #0/ERROR]: 	at com.lahuca.botsentry.d.m.a(Unknown Source)
[18:36:03] [BotSentry Pool Thread #0/ERROR]: 	at com.lahuca.botsentry.d.m.a(Unknown Source)
[18:36:03] [BotSentry Pool Thread #0/ERROR]: 	at com.lahuca.botsentry.b.b.d.run(Unknown Source)
[18:36:03] [BotSentry Pool Thread #0/ERROR]: 	at net.md_5.bungee.scheduler.BungeeTask.run(Unknown Source)
[18:36:03] [BotSentry Pool Thread #0/ERROR]: 	at java.util.concurrent.ThreadPoolExecutor.runWorker(Unknown Source)
[18:36:03] [BotSentry Pool Thread #0/ERROR]: 	at java.util.concurrent.ThreadPoolExecutor$Worker.run(Unknown Source)
[18:36:03] [BotSentry Pool Thread #0/ERROR]: 	at java.lang.Thread.run(Unknown Source)
[18:36:03] [BotSentry Pool Thread #13/INFO]: -------------------------------------------------------------
[18:36:03] [BotSentry Pool Thread #13/INFO]: |                                                           |
[18:36:03] [BotSentry Pool Thread #13/INFO]: |      ____        _    _____            _                  |
[18:36:03] [BotSentry Pool Thread #13/INFO]: |     |  _ \      | |  / ____|          | |                 |
[18:36:03] [BotSentry Pool Thread #13/INFO]: |     | |_) | ___ | |_| (___   ___ _ __ | |_ _ __ _   _     |
[18:36:03] [BotSentry Pool Thread #13/INFO]: |     |  _ < / _ \| __|\___ \ / _ \ '_ \| __| '__| | | |    |
[18:36:03] [BotSentry Pool Thread #13/INFO]: |     | |_) | (_) | |_ ____) |  __/ | | | |_| |  | |_| |    |
[18:36:03] [BotSentry Pool Thread #13/INFO]: |     |____/ \___/ \__|_____/ \___|_| |_|\__|_|   \__, |    |
[18:36:03] [BotSentry Pool Thread #13/INFO]: |                                                  __/ |    |
[18:36:03] [BotSentry Pool Thread #13/INFO]: |                                                 |___/     |
[18:36:03] [BotSentry Pool Thread #13/INFO]: |                                                           |
[18:36:03] [BotSentry Pool Thread #13/INFO]: -------------------------------------------------------------
[18:36:03] [BotSentry Pool Thread #13/INFO]: 
[18:36:03] [BotSentry Pool Thread #13/INFO]: » Cloud config downloaded ?
[18:36:03] [BotSentry Pool Thread #13/INFO]: » Black- and whitelist loaded into the RAM ?
[18:36:03] [BotSentry Pool Thread #13/INFO]: 
[18:36:03] [BotSentry Pool Thread #13/INFO]: (!) You are using an old BotSentry version, some things could not work at its finest.
[18:36:03] [BotSentry Pool Thread #13/INFO]: 
[18:36:03] [BotSentry Pool Thread #13/INFO]: Plugin coded by Lahuca Software Development and New Era Studios
[18:36:03] [BotSentry Pool Thread #13/INFO]: 
[18:36:03] [BotSentry Pool Thread #13/INFO]: -------------------------------------------------------------
[18:36:03] [main/INFO] [BungeeTabListPlus]: Starting UpdateChecker Task
[18:36:03] [main/INFO]: Enabled plugin BungeeTabListPlus version 3.2.2 by CodeCrafter47
[18:36:04] [Netty Boss IO Thread #0/INFO]: Listening on /0.0.0.0:25565
[18:36:08] [Netty Worker IO Thread #0/INFO]: XCord is using JavaVelocityCompressor$$Lambda$436/5785356 for packet compression
[18:36:09] [Netty Worker IO Thread #0/INFO]: /127.0.0.1:61399 direct-connected (Abnormal behavior)
[18:36:10] [Netty Worker IO Thread #1/INFO]: /127.0.0.1:61404 direct-connected (Abnormal behavior)
[18:36:12] [Netty Worker IO Thread #2/INFO]: /127.0.0.1:61406 direct-connected (Abnormal behavior)
[18:36:13] [Netty Worker IO Thread #3/INFO]: /127.0.0.1:61407 direct-connected (Abnormal behavior)
[18:36:15] [Netty Worker IO Thread #0/INFO]: /127.0.0.1:61408 direct-connected (Abnormal behavior)
[18:36:16] [Netty Worker IO Thread #0/WARN]: Event PostLoginEvent(player=hoangsurvival) took 524ms to process!
[18:36:53] [Netty Worker IO Thread #1/INFO]: /127.0.0.1:61414 direct-connected (Abnormal behavior)
[18:37:36] [main/INFO]: Successfully reloaded BungeeTabListPlus.
[18:39:40] [Netty Worker IO Thread #2/INFO]: /127.0.0.1:4066 direct-connected (Abnormal behavior)
[18:41:09] [Netty Worker IO Thread #3/INFO]: /127.0.0.1:27728 direct-connected (Abnormal behavior)
[18:41:22] [Netty Worker IO Thread #0/INFO]: /127.0.0.1:27731 direct-connected (Abnormal behavior)
[18:42:35] [main/INFO]: Successfully reloaded BungeeTabListPlus.
[18:43:03] [Netty Worker IO Thread #2/INFO]: /127.0.0.1:27759 direct-connected (Abnormal behavior)
[18:45:08] [main/WARN] [BungeeTabListPlus]: There have been 1 warnings while loading plugins\BungeeTabListPlus\tabLists\default.yml
WARNING: Unknown placeholder ${server_player_count}
 in 'reader', line 78, column 12:
      - {text: "&N?i Dung : ${server_player_cou ... 
               ^

[18:45:08] [main/INFO]: Successfully reloaded BungeeTabListPlus.
[18:45:21] [main/WARN] [BungeeTabListPlus]: There have been 1 warnings while loading plugins\BungeeTabListPlus\tabLists\default.yml
WARNING: Unknown placeholder ${server_player_count}
 in 'reader', line 78, column 12:
      - {text: "&aN?i Dung : ${server_player_co ... 
               ^

[18:45:21] [main/INFO]: Successfully reloaded BungeeTabListPlus.
[18:45:28] [Netty Worker IO Thread #0/INFO]: /127.0.0.1:27773 direct-connected (Abnormal behavior)
[18:45:46] [main/WARN] [BungeeTabListPlus]: There have been 1 warnings while loading plugins\BungeeTabListPlus\tabLists\default.yml
WARNING: Unknown placeholder ${server_player_count}
 in 'reader', line 78, column 12:
      - {text: "&aN?i Dung : (${server_player_c ... 
               ^

[18:45:46] [main/INFO]: Successfully reloaded BungeeTabListPlus.
[18:45:50] [Netty Worker IO Thread #1/INFO]: /127.0.0.1:27777 direct-connected (Abnormal behavior)
[18:45:58] [SkinsRestorer Pool Thread #5/INFO]: [SkinsRestorer] ----------------------------------------------
[18:45:58] [SkinsRestorer Pool Thread #5/INFO]: [SkinsRestorer]     +===============+
[18:45:58] [SkinsRestorer Pool Thread #5/INFO]: [SkinsRestorer]     | SkinsRestorer |
[18:45:58] [SkinsRestorer Pool Thread #5/INFO]: [SkinsRestorer]     +===============+
[18:45:58] [SkinsRestorer Pool Thread #5/INFO]: [SkinsRestorer] ----------------------------------------------
[18:45:58] [SkinsRestorer Pool Thread #5/INFO]: [SkinsRestorer]     Current version: 13.7.9
[18:45:58] [SkinsRestorer Pool Thread #5/INFO]: [SkinsRestorer]     A new version is available! Download it at:
[18:45:58] [SkinsRestorer Pool Thread #5/INFO]: [SkinsRestorer]     https://github.com/SkinsRestorer/SkinsRestorerX/releases/download/14.1.13/SkinsRestorer.jar
[18:45:58] [SkinsRestorer Pool Thread #5/INFO]: [SkinsRestorer] ----------------------------------------------
[18:48:07] [main/WARN] [BungeeTabListPlus]: There have been 1 warnings while loading plugins\BungeeTabListPlus\tabLists\default.yml
WARNING: Error in placeholder ${player display_name}:
player bound placeholders not available in the current context
Note: You might want to use ${viewer display_name} instead
 in 'reader', line 78, column 12:
      - {text: "&aN?i Dung : ${player display_n ... 
               ^

[18:48:07] [main/INFO]: Successfully reloaded BungeeTabListPlus.
[18:49:00] [main/INFO]: Successfully reloaded BungeeTabListPlus.
[18:49:14] [Netty Worker IO Thread #3/INFO]: /127.0.0.1:27856 direct-connected (Abnormal behavior)
[18:51:32] [main/INFO]: Successfully reloaded BungeeTabListPlus.
[18:51:44] [Netty Worker IO Thread #1/INFO]: /127.0.0.1:27868 direct-connected (Abnormal behavior)
[18:52:48] [main/INFO]: Successfully reloaded BungeeTabListPlus.
[18:52:56] [Netty Worker IO Thread #2/INFO]: /127.0.0.1:27874 direct-connected (Abnormal behavior)
[18:53:10] [main/INFO]: Successfully reloaded BungeeTabListPlus.
[18:53:22] [Netty Worker IO Thread #0/INFO]: /127.0.0.1:27878 direct-connected (Abnormal behavior)
[18:53:50] [main/INFO]: Successfully reloaded BungeeTabListPlus.
[18:53:54] [Netty Worker IO Thread #1/INFO]: /127.0.0.1:27882 direct-connected (Abnormal behavior)
[18:54:09] [main/INFO]: Successfully reloaded BungeeTabListPlus.
[18:55:05] [Netty Worker IO Thread #2/INFO]: /127.0.0.1:27885 direct-connected (Abnormal behavior)
[18:55:59] [SkinsRestorer Pool Thread #6/INFO]: [SkinsRestorer] ----[18:57:15] [SkinsRestorer Pool Thread #7/INFO]: [SkinsRestorer] ----------------------------------------------
[18:57:15] [SkinsRestorer Pool Thread #7/INFO]: [SkinsRestorer]     +===============+
[18:57:15] [SkinsRestorer Pool Thread #7/INFO]: [SkinsRestorer]     | SkinsRestorer |
[18:57:15] [SkinsRestorer Pool Thread #7/INFO]: [SkinsRestorer]     +===============+
[18:57:15] [SkinsRestorer Pool Thread #7/INFO]: [SkinsRestorer] ----------------------------------------------
[18:57:15] [SkinsRestorer Pool Thread #7/INFO]: [SkinsRestorer]     Current version: 13.7.9
[18:57:15] [SkinsRestorer Pool Thread #7/INFO]: [SkinsRestorer]     A new version is available! Download it at:
[18:57:15] [SkinsRestorer Pool Thread #7/INFO]: [SkinsRestorer]     https://github.com/SkinsRestorer/SkinsRestorerX/releases/download/14.1.13/SkinsRestorer.jar
[18:57:15] [SkinsRestorer Pool Thread #7/INFO]: [SkinsRestorer] ----------------------------------------------
[19:07:14] [SkinsRestorer Pool Thread #8/INFO]: [SkinsRestorer] ----------------------------------------------
[19:07:14] [SkinsRestorer Pool Thread #8/INFO]: [SkinsRestorer]     +===============+
[19:07:14] [SkinsRestorer Pool Thread #8/INFO]: [SkinsRestorer]     | SkinsRestorer |
[19:07:14] [SkinsRestorer Pool Thread #8/INFO]: [SkinsRestorer]     +===============+
[19:07:14] [SkinsRestorer Pool Thread #8/INFO]: [SkinsRestorer] ----------------------------------------------
[19:07:14] [SkinsRestorer Pool Thread #8/INFO]: [SkinsRestorer]     Current version: 13.7.9
[19:07:14] [SkinsRestorer Pool Thread #8/INFO]: [SkinsRestorer]     A new version is available! Download it at:
[19:07:14] [SkinsRestorer Pool Thread #8/INFO]: [SkinsRestorer]     https://github.com/SkinsRestorer/SkinsRestorerX/releases/download/14.1.13/SkinsRestorer.jar
[19:07:14] [SkinsRestorer Pool Thread #8/INFO]: [SkinsRestorer] ----------------------------------------------
[19:17:14] [SkinsRestorer Pool Thread #9/INFO]: [SkinsRestorer] ----------------------------------------------
[19:17:14] [SkinsRestorer Pool Thread #9/INFO]: [SkinsRestorer]     +===============+
[19:17:14] [SkinsRestorer Pool Thread #9/INFO]: [SkinsRestorer]     | SkinsRestorer |
[19:17:14] [SkinsRestorer Pool Thread #9/INFO]: [SkinsRestorer]     +===============+
[19:17:14] [SkinsRestorer Pool Thread #9/INFO]: [SkinsRestorer] ----------------------------------------------
[19:17:14] [SkinsRestorer Pool Thread #9/INFO]: [SkinsRestorer]     Current version: 13.7.9
[19:17:14] [SkinsRestorer Pool Thread #9/INFO]: [SkinsRestorer]     A new version is available! Download it at:
[19:17:14] [SkinsRestorer Pool Thread #9/INFO]: [SkinsRestorer]     https://github.com/SkinsRestorer/SkinsRestorerX/releases/download/14.1.13/SkinsRestorer.jar
[19:17:14] [SkinsRestorer Pool Thread #9/INFO]: [SkinsRestorer] ----------------------------------------------
[19:27:14] [SkinsRestorer Pool Thread #10/INFO]: [SkinsRestorer] ----------------------------------------------
[19:27:14] [SkinsRestorer Pool Thread #10/INFO]: [SkinsRestorer]     +===============+
[19:27:14] [SkinsRestorer Pool Thread #10/INFO]: [SkinsRestorer]     | SkinsRestorer |
[19:27:14] [SkinsRestorer Pool Thread #10/INFO]: [SkinsRestorer]     +===============+
[19:27:14] [SkinsRestorer Pool Thread #10/INFO]: [SkinsRestorer] ----------------------------------------------
[19:27:14] [SkinsRestorer Pool Thread #10/INFO]: [SkinsRestorer]     Current version: 13.7.9
[19:27:14] [SkinsRestorer Pool Thread #10/INFO]: [SkinsRestorer]     A new version is available! Download it at:
[19:27:14] [SkinsRestorer Pool Thread #10/INFO]: [SkinsRestorer]     https://github.com/SkinsRestorer/SkinsRestorerX/releases/download/14.1.13/SkinsRestorer.jar
[19:27:14] [SkinsRestorer Pool Thread #10/INFO]: [SkinsRestorer] ----------------------------------------------
[19:37:15] [SkinsRestorer Pool Thread #11/INFO]: [SkinsRestorer] ----------------------------------------------
[19:37:15] [SkinsRestorer Pool Thread #11/INFO]: [SkinsRestorer]     +===============+
[19:37:15] [SkinsRestorer Pool Thread #11/INFO]: [SkinsRestorer]     | SkinsRestorer |
[19:37:15] [SkinsRestorer Pool Thread #11/INFO]: [SkinsRestorer]     +===============+
[19:37:15] [SkinsRestorer Pool Thread #11/INFO]: [SkinsRestorer] ----------------------------------------------
[19:37:15] [SkinsRestorer Pool Thread #11/INFO]: [SkinsRestorer]     Current version: 13.7.9
[19:37:15] [SkinsRestorer Pool Thread #11/INFO]: [SkinsRestorer]     A new version is available! Download it at:
[19:37:15] [SkinsRestorer Pool Thread #11/INFO]: [SkinsRestorer]     https://github.com/SkinsRestorer/SkinsRestorerX/releases/download/14.1.13/SkinsRestorer.jar
[19:37:15] [SkinsRestorer Pool Thread #11/INFO]: [SkinsRestorer] ----------------------------------------------
[19:47:15] [SkinsRestorer Pool Thread #12/INFO]: [SkinsRestorer] ----------------------------------------------
[19:47:15] [SkinsRestorer Pool Thread #12/INFO]: [SkinsRestorer]     +===============+
[19:47:15] [SkinsRestorer Pool Thread #12/INFO]: [SkinsRestorer]     | SkinsRestorer |
[19:47:15] [SkinsRestorer Pool Thread #12/INFO]: [SkinsRestorer]     +===============+
[19:47:15] [SkinsRestorer Pool Thread #12/INFO]: [SkinsRestorer] ----------------------------------------------
[19:47:15] [SkinsRestorer Pool Thread #12/INFO]: [SkinsRestorer]     Current version: 13.7.9
[19:47:15] [SkinsRestorer Pool Thread #12/INFO]: [SkinsRestorer]     A new version is available! Download it at:
[19:47:15] [SkinsRestorer Pool Thread #12/INFO]: [SkinsRestorer]     https://github.com/SkinsRestorer/SkinsRestorerX/releases/download/14.1.13/SkinsRestorer.jar
[19:47:15] [SkinsRestorer Pool Thread #12/INFO]: [SkinsRestorer] ----------------------------------------------
[19:57:15] [SkinsRestorer Pool Thread #13/INFO]: [SkinsRestorer] ----------------------------------------------
[19:57:15] [SkinsRestorer Pool Thread #13/INFO]: [SkinsRestorer]     +===============+
[19:57:15] [SkinsRestorer Pool Thread #13/INFO]: [SkinsRestorer]     | SkinsRestorer |
[19:57:15] [SkinsRestorer Pool Thread #13/INFO]: [SkinsRestorer]     +===============+
[19:57:15] [SkinsRestorer Pool Thread #13/INFO]: [SkinsRestorer] ----------------------------------------------
[19:57:15] [SkinsRestorer Pool Thread #13/INFO]: [SkinsRestorer]     Current version: 13.7.9
[19:57:15] [SkinsRestorer Pool Thread #13/INFO]: [SkinsRestorer]     A new version is available! Download it at:
[19:57:15] [SkinsRestorer Pool Thread #13/INFO]: [SkinsRestorer]     https://github.com/SkinsRestorer/SkinsRestorerX/releases/download/14.1.13/SkinsRestorer.jar
[19:57:15] [SkinsRestorer Pool Thread #13/INFO]: [SkinsRestorer] ----------------------------------------------
[19:57:44] [async-consumer-service/WARN]: [!] AsyncJobConsumerService is currently overloaded: 0 Time (MS): 1368
[20:07:14] [SkinsRestorer Pool Thread #14/INFO]: [SkinsRestorer] ----------------------------------------------
[20:07:14] [SkinsRestorer Pool Thread #14/INFO]: [SkinsRestorer]     +===============+
[20:07:14] [SkinsRestorer Pool Thread #14/INFO]: [SkinsRestorer]     | SkinsRestorer |
[20:07:14] [SkinsRestorer Pool Thread #14/INFO]: [SkinsRestorer]     +===============+
[20:07:14] [SkinsRestorer Pool Thread #14/INFO]: [SkinsRestorer] ----------------------------------------------
[20:07:14] [SkinsRestorer Pool Thread #14/INFO]: [SkinsRestorer]     Current version: 13.7.9
[20:07:14] [SkinsRestorer Pool Thread #14/INFO]: [SkinsRestorer]     A new version is available! Download it at:
[20:07:14] [SkinsRestorer Pool Thread #14/INFO]: [SkinsRestorer]     https://github.com/SkinsRestorer/SkinsRestorerX/releases/download/14.1.13/SkinsRestorer.jar
[20:07:14] [SkinsRestorer Pool Thread #14/INFO]: [SkinsRestorer] ----------------------------------------------
[20:17:15] [SkinsRestorer Pool Thread #15/INFO]: [SkinsRestorer] ----------------------------------------------
[20:17:15] [SkinsRestorer Pool Thread #15/INFO]: [SkinsRestorer]     +===============+
[20:17:15] [SkinsRestorer Pool Thread #15/INFO]: [SkinsRestorer]     | SkinsRestorer |
[20:17:15] [SkinsRestorer Pool Thread #15/INFO]: [SkinsRestorer]     +===============+
[20:17:15] [SkinsRestorer Pool Thread #15/INFO]: [SkinsRestorer] ----------------------------------------------
[20:17:15] [SkinsRestorer Pool Thread #15/INFO]: [SkinsRestorer]     Current version: 13.7.9
[20:17:15] [SkinsRestorer Pool Thread #15/INFO]: [SkinsRestorer]     A new version is available! Download it at:
[20:17:15] [SkinsRestorer Pool Thread #15/INFO]: [SkinsRestorer]     https://github.com/SkinsRestorer/SkinsRestorerX/releases/download/14.1.13/SkinsRestorer.jar
[20:17:15] [SkinsRestorer Pool Thread #15/INFO]: [SkinsRestorer] ----------------------------------------------
[20:27:15] [SkinsRestorer Pool Thread #16/INFO]: [SkinsRestorer] ----------------------------------------------
[20:27:15] [SkinsRestorer Pool Thread #16/INFO]: [SkinsRestorer]     +===============+
[20:27:15] [SkinsRestorer Pool Thread #16/INFO]: [SkinsRestorer]     | SkinsRestorer |
[20:27:15] [SkinsRestorer Pool Thread #16/INFO]: [SkinsRestorer]     +===============+
[20:27:15] [SkinsRestorer Pool Thread #16/INFO]: [SkinsRestorer] ----------------------------------------------
[20:27:15] [SkinsRestorer Pool Thread #16/INFO]: [SkinsRestorer]     Current version: 13.7.9
[20:27:15] [SkinsRestorer Pool Thread #16/INFO]: [SkinsRestorer]     A new version is available! Download it at:
[20:27:15] [SkinsRestorer Pool Thread #16/INFO]: [SkinsRestorer]     https://github.com/SkinsRestorer/SkinsRestorerX/releases/download/14.1.13/SkinsRestorer.jar
[20:27:15] [SkinsRestorer Pool Thread #16/INFO]: [SkinsRestorer] ----------------------------------------------
[20:37:15] [SkinsRestorer Pool Thread #17/INFO]: [SkinsRestorer] ----------------------------------------------
[20:37:15] [SkinsRestorer Pool Thread #17/INFO]: [SkinsRestorer]     +===============+
[20:37:15] [SkinsRestorer Pool Thread #17/INFO]: [SkinsRestorer]     | SkinsRestorer |
[20:37:15] [SkinsRestorer Pool Thread #17/INFO]: [SkinsRestorer]     +===============+
[20:37:15] [SkinsRestorer Pool Thread #17/INFO]: [SkinsRestorer] ----------------------------------------------
[20:37:15] [SkinsRestorer Pool Thread #17/INFO]: [SkinsRestorer]     Current version: 13.7.9
[20:37:15] [SkinsRestorer Pool Thread #17/INFO]: [SkinsRestorer]     A new version is available! Download it at:
[20:37:15] [SkinsRestorer Pool Thread #17/INFO]: [SkinsRestorer]     https://github.com/SkinsRestorer/SkinsRestorerX/releases/download/14.1.13/SkinsRestorer.jar
[20:37:15] [SkinsRestorer Pool Thread #17/INFO]: [SkinsRestorer] ----------------------------------------------
[20:47:16] [SkinsRestorer Pool Thread #18/INFO]: [SkinsRestorer] ----------------------------------------------
[20:47:16] [SkinsRestorer Pool Thread #18/INFO]: [SkinsRestorer]     +===============+
[20:47:16] [SkinsRestorer Pool Thread #18/INFO]: [SkinsRestorer]     | SkinsRestorer |
[20:47:16] [SkinsRestorer Pool Thread #18/INFO]: [SkinsRestorer]     +===============+
[20:47:16] [SkinsRestorer Pool Thread #18/INFO]: [SkinsRestorer] ----------------------------------------------
[20:47:16] [SkinsRestorer Pool Thread #18/INFO]: [SkinsRestorer]     Current version: 13.7.9
[20:47:16] [SkinsRestorer Pool Thread #18/INFO]: [SkinsRestorer]     A new version is available! Download it at:
[20:47:16] [SkinsRestorer Pool Thread #18/INFO]: [SkinsRestorer]     https://github.com/SkinsRestorer/SkinsRestorerX/releases/download/14.1.13/SkinsRestorer.jar
[20:47:16] [SkinsRestorer Pool Thread #18/INFO]: [SkinsRestorer] ----------------------------------------------
[20:57:15] [SkinsRestorer Pool Thread #19/INFO]: [SkinsRestorer] ----------------------------------------------
[20:57:15] [SkinsRestorer Pool Thread #19/INFO]: [SkinsRestorer]     +===============+
[20:57:15] [SkinsRestorer Pool Thread #19/INFO]: [SkinsRestorer]     | SkinsRestorer |
[20:57:15] [SkinsRestorer Pool Thread #19/INFO]: [SkinsRestorer]     +===============+
[20:57:15] [SkinsRestorer Pool Thread #19/INFO]: [SkinsRestorer] ----------------------------------------------
[20:57:15] [SkinsRestorer Pool Thread #19/INFO]: [SkinsRestorer]     Current version: 13.7.9
[20:57:15] [SkinsRestorer Pool Thread #19/INFO]: [SkinsRestorer]     A new version is available! Download it at:
[20:57:15] [SkinsRestorer Pool Thread #19/INFO]: [SkinsRestorer]     https://github.com/SkinsRestorer/SkinsRestorerX/releases/download/14.1.13/SkinsRestorer.jar
[20:57:15] [SkinsRestorer Pool Thread #19/INFO]: [SkinsRestorer] ----------------------------------------------
[21:07:15] [SkinsRestorer Pool Thread #20/INFO]: [SkinsRestorer] ----------------------------------------------
[21:07:15] [SkinsRestorer Pool Thread #20/INFO]: [SkinsRestorer]     +===============+
[21:07:15] [SkinsRestorer Pool Thread #20/INFO]: [SkinsRestorer]     | SkinsRestorer |
[21:07:15] [SkinsRestorer Pool Thread #20/INFO]: [SkinsRestorer]     +===============+
[21:07:15] [SkinsRestorer Pool Thread #20/INFO]: [SkinsRestorer] ----------------------------------------------
[21:07:15] [SkinsRestorer Pool Thread #20/INFO]: [SkinsRestorer]     Current version: 13.7.9
[21:07:15] [SkinsRestorer Pool Thread #20/INFO]: [SkinsRestorer]     A new version is available! Download it at:
[21:07:15] [SkinsRestorer Pool Thread #20/INFO]: [SkinsRestorer]     https://github.com/SkinsRestorer/SkinsRestorerX/releases/download/14.1.13/SkinsRestorer.jar
[21:07:15] [SkinsRestorer Pool Thread #20/INFO]: [SkinsRestorer] ----------------------------------------------
[21:17:15] [SkinsRestorer Pool Thread #21/INFO]: [SkinsRestorer] ----------------------------------------------
[21:17:15] [SkinsRestorer Pool Thread #21/INFO]: [SkinsRestorer]     +===============+
[21:17:15] [SkinsRestorer Pool Thread #21/INFO]: [SkinsRestorer]     | SkinsRestorer |
[21:17:15] [SkinsRestorer Pool Thread #21/INFO]: [SkinsRestorer]     +===============+
[21:17:15] [SkinsRestorer Pool Thread #21/INFO]: [SkinsRestorer] ----------------------------------------------
[21:17:15] [SkinsRestorer Pool Thread #21/INFO]: [SkinsRestorer]     Current version: 13.7.9
[21:17:15] [SkinsRestorer Pool Thread #21/INFO]: [SkinsRestorer]     A new version is available! Download it at:
[21:17:15] [SkinsRestorer Pool Thread #21/INFO]: [SkinsRestorer]     https://github.com/SkinsRestorer/SkinsRestorerX/releases/download/14.1.13/SkinsRestorer.jar
[21:17:15] [SkinsRestorer Pool Thread #21/INFO]: [SkinsRestorer] ----------------------------------------------
[21:27:15] [SkinsRestorer Pool Thread #22/INFO]: [SkinsRestorer] ----------------------------------------------
[21:27:15] [SkinsRestorer Pool Thread #22/INFO]: [SkinsRestorer]     +===============+
[21:27:15] [SkinsRestorer Pool Thread #22/INFO]: [SkinsRestorer]     | SkinsRestorer |
[21:27:15] [SkinsRestorer Pool Thread #22/INFO]: [SkinsRestorer]     +===============+
[21:27:15] [SkinsRestorer Pool Thread #22/INFO]: [SkinsRestorer] ----------------------------------------------
[21:27:15] [SkinsRestorer Pool Thread #22/INFO]: [SkinsRestorer]     Current version: 13.7.9
[21:27:15] [SkinsRestorer Pool Thread #22/INFO]: [SkinsRestorer]     A new version is available! Download it at:
[21:27:15] [SkinsRestorer Pool Thread #22/INFO]: [SkinsRestorer]     https://github.com/SkinsRestorer/SkinsRestorerX/releases/download/14.1.13/SkinsRestorer.jar
[21:27:15] [SkinsRestorer Pool Thread #22/INFO]: [SkinsRestorer] ----------------------------------------------
[21:37:15] [SkinsRestorer Pool Thread #23/INFO]: [SkinsRestorer] ----------------------------------------------
[21:37:15] [SkinsRestorer Pool Thread #23/INFO]: [SkinsRestorer]     +===============+
[21:37:15] [SkinsRestorer Pool Thread #23/INFO]: [SkinsRestorer]     | SkinsRestorer |
[21:37:15] [SkinsRestorer Pool Thread #23/INFO]: [SkinsRestorer]     +===============+
[21:37:15] [SkinsRestorer Pool Thread #23/INFO]: [SkinsRestorer] ----------------------------------------------
[21:37:15] [SkinsRestorer Pool Thread #23/INFO]: [SkinsRestorer]     Current version: 13.7.9
[21:37:15] [SkinsRestorer Pool Thread #23/INFO]: [SkinsRestorer]     A new version is available! Download it at:
[21:37:15] [SkinsRestorer Pool Thread #23/INFO]: [SkinsRestorer]     https://github.com/SkinsRestorer/SkinsRestorerX/releases/download/14.1.13/SkinsRestorer.jar
[21:37:15] [SkinsRestorer Pool Thread #23/INFO]: [SkinsRestorer] ----------------------------------------------
[21:47:15] [SkinsRestorer Pool Thread #24/INFO]: [SkinsRestorer] ----------------------------------------------
[21:47:15] [SkinsRestorer Pool Thread #24/INFO]: [SkinsRestorer]     +===============+
[21:47:15] [SkinsRestorer Pool Thread #24/INFO]: [SkinsRestorer]     | SkinsRestorer |
[21:47:15] [SkinsRestorer Pool Thread #24/INFO]: [SkinsRestorer]     +===============+
[21:47:15] [SkinsRestorer Pool Thread #24/INFO]: [SkinsRestorer] ----------------------------------------------
[21:47:15] [SkinsRestorer Pool Thread #24/INFO]: [SkinsRestorer]     Current version: 13.7.9
[21:47:15] [SkinsRestorer Pool Thread #24/INFO]: [SkinsRestorer]     A new version is available! Download it at:
[21:47:15] [SkinsRestorer Pool Thread #24/INFO]: [SkinsRestorer]     https://github.com/SkinsRestorer/SkinsRestorerX/releases/download/14.1.13/SkinsRestorer.jar
[21:47:15] [SkinsRestorer Pool Thread #24/INFO]: [SkinsRestorer] ----------------------------------------------
[21:57:15] [SkinsRestorer Pool Thread #25/INFO]: [SkinsRestorer] ----------------------------------------------
[21:57:15] [SkinsRestorer Pool Thread #25/INFO]: [SkinsRestorer]     +===============+
[21:57:15] [SkinsRestorer Pool Thread #25/INFO]: [SkinsRestorer]     | SkinsRestorer |
[21:57:15] [SkinsRestorer Pool Thread #25/INFO]: [SkinsRestorer]     +===============+
[21:57:15] [SkinsRestorer Pool Thread #25/INFO]: [SkinsRestorer] ----------------------------------------------
[21:57:15] [SkinsRestorer Pool Thread #25/INFO]: [SkinsRestorer]     Current version: 13.7.9
[21:57:15] [SkinsRestorer Pool Thread #25/INFO]: [SkinsRestorer]     A new version is available! Download it at:
[21:57:15] [SkinsRestorer Pool Thread #25/INFO]: [SkinsRestorer]     https://github.com/SkinsRestorer/SkinsRestorerX/releases/download/14.1.13/SkinsRestorer.jar
[21:57:15] [SkinsRestorer Pool Thread #25/INFO]: [SkinsRestorer] ----------------------------------------------
[22:07:15] [SkinsRestorer Pool Thread #26/INFO]: [SkinsRestorer] ----------------------------------------------
[22:07:15] [SkinsRestorer Pool Thread #26/INFO]: [SkinsRestorer]     +===============+
[22:07:15] [SkinsRestorer Pool Thread #26/INFO]: [SkinsRestorer]     | SkinsRestorer |
[22:07:15] [SkinsRestorer Pool Thread #26/INFO]: [SkinsRestorer]     +===============+
[22:07:15] [SkinsRestorer Pool Thread #26/INFO]: [SkinsRestorer] ----------------------------------------------
[22:07:15] [SkinsRestorer Pool Thread #26/INFO]: [SkinsRestorer]     Current version: 13.7.9
[22:07:15] [SkinsRestorer Pool Thread #26/INFO]: [SkinsRestorer]     A new version is available! Download it at:
[22:07:15] [SkinsRestorer Pool Thread #26/INFO]: [SkinsRestorer]     https://github.com/SkinsRestorer/SkinsRestorerX/releases/download/14.1.13/SkinsRestorer.jar
[22:07:15] [SkinsRestorer Pool Thread #26/INFO]: [SkinsRestorer] ----------------------------------------------
[22:17:15] [SkinsRestorer Pool Thread #27/INFO]: [SkinsRestorer] ----------------------------------------------
[22:17:15] [SkinsRestorer Pool Thread #27/INFO]: [SkinsRestorer]     +===============+
[22:17:15] [SkinsRestorer Pool Thread #27/INFO]: [SkinsRestorer]     | SkinsRestorer |
[22:17:15] [SkinsRestorer Pool Thread #27/INFO]: [SkinsRestorer]     +===============+
[22:17:15] [SkinsRestorer Pool Thread #27/INFO]: [SkinsRestorer] ----------------------------------------------
[22:17:15] [SkinsRestorer Pool Thread #27/INFO]: [SkinsRestorer]     Current version: 13.7.9
[22:17:15] [SkinsRestorer Pool Thread #27/INFO]: [SkinsRestorer]     A new version is available! Download it at:
[22:17:15] [SkinsRestorer Pool Thread #27/INFO]: [SkinsRestorer]     https://github.com/SkinsRestorer/SkinsRestorerX/releases/download/14.1.13/SkinsRestorer.jar
[22:17:15] [SkinsRestorer Pool Thread #27/INFO]: [SkinsRestorer] ----------------------------------------------
[22:27:15] [SkinsRestorer Pool Thread #28/INFO]: [SkinsRestorer] ----------------------------------------------
[22:27:15] [SkinsRestorer Pool Thread #28/INFO]: [SkinsRestorer]     +===============+
[22:27:15] [SkinsRestorer Pool Thread #28/INFO]: [SkinsRestorer]     | SkinsRestorer |
[22:27:15] [SkinsRestorer Pool Thread #28/INFO]: [SkinsRestorer]     +===============+
[22:27:15] [SkinsRestorer Pool Thread #28/INFO]: [SkinsRestorer] ----------------------------------------------
[22:27:15] [SkinsRestorer Pool Thread #28/INFO]: [SkinsRestorer]     Current version: 13.7.9
[22:27:15] [SkinsRestorer Pool Thread #28/INFO]: [SkinsRestorer]     A new version is available! Download it at:
[22:27:15] [SkinsRestorer Pool Thread #28/INFO]: [SkinsRestorer]     https://github.com/SkinsRestorer/SkinsRestorerX/releases/download/14.1.13/SkinsRestorer.jar
[22:27:15] [SkinsRestorer Pool Thread #28/INFO]: [SkinsRestorer] ----------------------------------------------
